2018-04-04 11:40:27,136 Start XML Parsing
2018-04-04 11:40:47,834 diff parser start
2018-04-04 11:40:47,835 diff parser calculated
2018-04-04 11:40:47,836 diff: line_lengths old: 5, new: 1
2018-04-04 11:40:47,837 diff replace old[1:5] new[1:1]
2018-04-04 11:40:47,837 parse_part from 1 to 1 (to 0 in part parser)
2018-04-04 11:40:47,838 diff parser end
2018-04-04 11:40:50,467 diff parser start
2018-04-04 11:40:50,472 diff parser calculated
2018-04-04 11:40:50,473 diff: line_lengths old: 1, new: 1
2018-04-04 11:40:50,473 diff replace old[1:1] new[1:1]
2018-04-04 11:40:50,474 parse_part from 1 to 1 (to 0 in part parser)
2018-04-04 11:40:50,474 diff parser end
2018-04-04 11:51:55,017 Processed data/craft-2.0/articles/nxml/Arthritis Res Ther-8-2-1526604.nxml with original nxml
2018-04-04 11:51:55,027 Processed data/craft-2.0/articles/nxml/Arthritis Res Ther-9-1-1860061.nxml with original nxml
2018-04-04 11:51:55,037 Processed data/craft-2.0/articles/nxml/BMC Biochem-4-_-194730.nxml with original nxml
2018-04-04 11:51:55,051 Processed data/craft-2.0/articles/nxml/BMC Biol-5-_-1858683.nxml with original nxml
2018-04-04 11:51:55,058 Processed data/craft-2.0/articles/nxml/BMC Biotechnol-2-_-116589.nxml with original nxml
2018-04-04 11:51:55,069 Processed data/craft-2.0/articles/nxml/BMC Blood Disord-6-_-1617083.nxml with original nxml
2018-04-04 11:51:55,090 Processed data/craft-2.0/articles/nxml/BMC Cancer-5-_-1310620.nxml with original nxml
2018-04-04 11:51:55,101 Processed data/craft-2.0/articles/nxml/BMC Dev Biol-4-_-341451.nxml with original nxml
2018-04-04 11:51:55,113 Processed data/craft-2.0/articles/nxml/BMC Dev Biol-5-_-1208873.nxml with original nxml
2018-04-04 11:51:55,124 Processed data/craft-2.0/articles/nxml/BMC Dev Biol-6-_-1382200.nxml with original nxml
2018-04-04 11:51:55,131 Processed data/craft-2.0/articles/nxml/BMC Dev Biol-6-_-1420271.nxml with original nxml
2018-04-04 11:51:55,144 Processed data/craft-2.0/articles/nxml/BMC Dev Biol-6-_-1435744.nxml with original nxml
2018-04-04 11:51:55,154 Processed data/craft-2.0/articles/nxml/BMC Dev Biol-6-_-1635039.nxml with original nxml
2018-04-04 11:51:55,166 Processed data/craft-2.0/articles/nxml/BMC Evol Biol-4-_-441373.nxml with original nxml
2018-04-04 11:51:55,178 Processed data/craft-2.0/articles/nxml/BMC Genet-2-_-48141.nxml with original nxml
2018-04-04 11:51:55,188 Processed data/craft-2.0/articles/nxml/BMC Genet-6-_-1166548.nxml with original nxml
2018-04-04 11:51:55,199 Processed data/craft-2.0/articles/nxml/BMC Genet-6-_-1181811.nxml with original nxml
2018-04-04 11:51:55,209 Processed data/craft-2.0/articles/nxml/BMC Genet-6-_-1208879.nxml with original nxml
2018-04-04 11:51:55,216 Processed data/craft-2.0/articles/nxml/BMC Genomics-3-_-88885.nxml with original nxml
2018-04-04 11:51:55,222 Processed data/craft-2.0/articles/nxml/BMC Genomics-5-_-340383.nxml with original nxml
2018-04-04 11:51:55,240 Processed data/craft-2.0/articles/nxml/BMC Genomics-7-_-1482699.nxml with original nxml
2018-04-04 11:51:55,250 Processed data/craft-2.0/articles/nxml/BMC Med Genet-7-_-1448208.nxml with original nxml
2018-04-04 11:51:55,263 Processed data/craft-2.0/articles/nxml/BMC Med-2-_-394351.nxml with original nxml
2018-04-04 11:51:55,273 Processed data/craft-2.0/articles/nxml/BMC Med-2-_-516044.nxml with original nxml
2018-04-04 11:51:55,283 Processed data/craft-2.0/articles/nxml/BMC Neurosci-4-_-149366.nxml with original nxml
2018-04-04 11:51:55,291 Processed data/craft-2.0/articles/nxml/BMC Neurosci-5-_-400732.nxml with original nxml
2018-04-04 11:51:55,300 Processed data/craft-2.0/articles/nxml/BMC Neurosci-5-_-539297.nxml with original nxml
2018-04-04 11:51:55,309 Processed data/craft-2.0/articles/nxml/BMC Neurosci-6-_-1087847.nxml with original nxml
2018-04-04 11:51:55,318 Processed data/craft-2.0/articles/nxml/BMC Neurosci-6-_-1142324.nxml with original nxml
2018-04-04 11:51:55,328 Processed data/craft-2.0/articles/nxml/BMC Neurosci-6-_-548520.nxml with original nxml
2018-04-04 11:51:55,337 Processed data/craft-2.0/articles/nxml/BMC Neurosci-7-_-1420314.nxml with original nxml
2018-04-04 11:51:55,344 Processed data/craft-2.0/articles/nxml/BMC Ophthalmol-3-_-149350.nxml with original nxml
2018-04-04 11:51:55,354 Processed data/craft-2.0/articles/nxml/BMC Struct Biol-3-_-280685.nxml with original nxml
2018-04-04 11:51:55,360 Processed data/craft-2.0/articles/nxml/Breast Cancer Res-3-5-138691.nxml with original nxml
2018-04-04 11:51:55,371 Processed data/craft-2.0/articles/nxml/Genome Biol-4-11-329117.nxml with original nxml
2018-04-04 11:51:55,386 Processed data/craft-2.0/articles/nxml/J Biol-3-4-549712.nxml with original nxml
2018-04-04 11:51:55,402 Processed data/craft-2.0/articles/nxml/Nucleic Acids Res-33-18-1253828.nxml with original nxml
2018-04-04 11:51:55,415 Processed data/craft-2.0/articles/nxml/Nucleic Acids Res-33-9-1140370.nxml with original nxml
2018-04-04 11:51:55,423 Processed data/craft-2.0/articles/nxml/Nucleic Acids Res-34-13-1540739.nxml with original nxml
2018-04-04 11:51:55,442 Processed data/craft-2.0/articles/nxml/PLoS Biol-2-1-314463.nxml with original nxml
2018-04-04 11:51:55,450 Processed data/craft-2.0/articles/nxml/PLoS Biol-2-10-509410.nxml with original nxml
2018-04-04 11:51:55,465 Processed data/craft-2.0/articles/nxml/PLoS Biol-2-11-523229.nxml with original nxml
2018-04-04 11:51:55,475 Processed data/craft-2.0/articles/nxml/PLoS Biol-2-12-529315.nxml with original nxml
2018-04-04 11:51:55,486 Processed data/craft-2.0/articles/nxml/PLoS Biol-2-8-509301.nxml with original nxml
2018-04-04 11:51:55,495 Processed data/craft-2.0/articles/nxml/PLoS Biol-2-8-509305.nxml with original nxml
2018-04-04 11:51:55,507 Processed data/craft-2.0/articles/nxml/PLoS Biol-3-1-539061.nxml with original nxml
2018-04-04 11:51:55,523 Processed data/craft-2.0/articles/nxml/PLoS Biol-3-11-1283373.nxml with original nxml
2018-04-04 11:51:55,540 Processed data/craft-2.0/articles/nxml/PLoS Biol-3-4-1074790.nxml with original nxml
2018-04-04 11:51:55,553 Processed data/craft-2.0/articles/nxml/PLoS Biol-3-5-1110896.nxml with original nxml
2018-04-04 11:51:55,567 Processed data/craft-2.0/articles/nxml/PLoS Biol-4-10-1617330.nxml with original nxml
2018-04-04 11:51:55,581 Processed data/craft-2.0/articles/nxml/PLoS Biol-4-6-1475681.nxml with original nxml
2018-04-04 11:51:55,599 Processed data/craft-2.0/articles/nxml/PLoS Biol-5-7-1914394.nxml with original nxml
2018-04-04 11:51:55,609 Processed data/craft-2.0/articles/nxml/PLoS Genet-1-1-1183529.nxml with original nxml
2018-04-04 11:51:55,623 Processed data/craft-2.0/articles/nxml/PLoS Genet-1-2-1193523.nxml with original nxml
2018-04-04 11:51:55,630 Processed data/craft-2.0/articles/nxml/PLoS Genet-1-2-1193529.nxml with original nxml
2018-04-04 11:51:55,639 Processed data/craft-2.0/articles/nxml/PLoS Genet-1-2-1193530.nxml with original nxml
2018-04-04 11:51:55,652 Processed data/craft-2.0/articles/nxml/PLoS Genet-1-6-1342629.nxml with original nxml
2018-04-04 11:51:55,666 Processed data/craft-2.0/articles/nxml/PLoS Genet-2-10-1626108.nxml with original nxml
2018-04-04 11:51:55,676 Processed data/craft-2.0/articles/nxml/PLoS Genet-2-11-1657042.nxml with original nxml
2018-04-04 11:51:55,691 Processed data/craft-2.0/articles/nxml/PLoS Genet-2-12-1756909.nxml with original nxml
2018-04-04 11:51:55,702 Processed data/craft-2.0/articles/nxml/PLoS Genet-2-2-1378123.nxml with original nxml
2018-04-04 11:51:55,715 Processed data/craft-2.0/articles/nxml/PLoS Genet-2-4-1449899.nxml with original nxml
2018-04-04 11:51:55,727 Processed data/craft-2.0/articles/nxml/PLoS Genet-2-9-1584259.nxml with original nxml
2018-04-04 11:51:55,740 Processed data/craft-2.0/articles/nxml/PLoS Genet-3-4-1857728.nxml with original nxml
2018-04-04 11:51:55,747 Processed data/craft-2.0/articles/nxml/PLoS Genet-3-6-1904370.nxml with original nxml
2018-04-04 11:51:55,761 Processed data/craft-2.0/articles/nxml/PLoS Genet-3-8-1959384.nxml with original nxml
2018-04-04 11:51:55,775 Processed data/craft-2.0/articles/nxml/PLoS Med-2-12-1322285.nxml with original nxml
2018-04-04 11:54:40,824 Processed data/craft-2.0/articles/nxml/Arthritis Res Ther-8-2-1526604.nxml with original nxml
2018-04-04 11:54:40,833 Processed data/craft-2.0/articles/nxml/Arthritis Res Ther-9-1-1860061.nxml with original nxml
2018-04-04 11:54:40,841 Processed data/craft-2.0/articles/nxml/BMC Biochem-4-_-194730.nxml with original nxml
2018-04-04 11:54:40,854 Processed data/craft-2.0/articles/nxml/BMC Biol-5-_-1858683.nxml with original nxml
2018-04-04 11:54:40,859 Processed data/craft-2.0/articles/nxml/BMC Biotechnol-2-_-116589.nxml with original nxml
2018-04-04 11:54:40,869 Processed data/craft-2.0/articles/nxml/BMC Blood Disord-6-_-1617083.nxml with original nxml
2018-04-04 11:54:40,888 Processed data/craft-2.0/articles/nxml/BMC Cancer-5-_-1310620.nxml with original nxml
2018-04-04 11:54:40,898 Processed data/craft-2.0/articles/nxml/BMC Dev Biol-4-_-341451.nxml with original nxml
2018-04-04 11:54:40,909 Processed data/craft-2.0/articles/nxml/BMC Dev Biol-5-_-1208873.nxml with original nxml
2018-04-04 11:54:40,920 Processed data/craft-2.0/articles/nxml/BMC Dev Biol-6-_-1382200.nxml with original nxml
2018-04-04 11:54:40,926 Processed data/craft-2.0/articles/nxml/BMC Dev Biol-6-_-1420271.nxml with original nxml
2018-04-04 11:54:40,937 Processed data/craft-2.0/articles/nxml/BMC Dev Biol-6-_-1435744.nxml with original nxml
2018-04-04 11:54:40,946 Processed data/craft-2.0/articles/nxml/BMC Dev Biol-6-_-1635039.nxml with original nxml
2018-04-04 11:54:40,957 Processed data/craft-2.0/articles/nxml/BMC Evol Biol-4-_-441373.nxml with original nxml
2018-04-04 11:54:40,969 Processed data/craft-2.0/articles/nxml/BMC Genet-2-_-48141.nxml with original nxml
2018-04-04 11:54:40,979 Processed data/craft-2.0/articles/nxml/BMC Genet-6-_-1166548.nxml with original nxml
2018-04-04 11:54:40,989 Processed data/craft-2.0/articles/nxml/BMC Genet-6-_-1181811.nxml with original nxml
2018-04-04 11:54:41,000 Processed data/craft-2.0/articles/nxml/BMC Genet-6-_-1208879.nxml with original nxml
2018-04-04 11:54:41,006 Processed data/craft-2.0/articles/nxml/BMC Genomics-3-_-88885.nxml with original nxml
2018-04-04 11:54:41,011 Processed data/craft-2.0/articles/nxml/BMC Genomics-5-_-340383.nxml with original nxml
2018-04-04 11:54:41,030 Processed data/craft-2.0/articles/nxml/BMC Genomics-7-_-1482699.nxml with original nxml
2018-04-04 11:54:41,040 Processed data/craft-2.0/articles/nxml/BMC Med Genet-7-_-1448208.nxml with original nxml
2018-04-04 11:54:41,052 Processed data/craft-2.0/articles/nxml/BMC Med-2-_-394351.nxml with original nxml
2018-04-04 11:54:41,062 Processed data/craft-2.0/articles/nxml/BMC Med-2-_-516044.nxml with original nxml
2018-04-04 11:54:41,072 Processed data/craft-2.0/articles/nxml/BMC Neurosci-4-_-149366.nxml with original nxml
2018-04-04 11:54:41,081 Processed data/craft-2.0/articles/nxml/BMC Neurosci-5-_-400732.nxml with original nxml
2018-04-04 11:54:41,089 Processed data/craft-2.0/articles/nxml/BMC Neurosci-5-_-539297.nxml with original nxml
2018-04-04 11:54:41,097 Processed data/craft-2.0/articles/nxml/BMC Neurosci-6-_-1087847.nxml with original nxml
2018-04-04 11:54:41,106 Processed data/craft-2.0/articles/nxml/BMC Neurosci-6-_-1142324.nxml with original nxml
2018-04-04 11:54:41,116 Processed data/craft-2.0/articles/nxml/BMC Neurosci-6-_-548520.nxml with original nxml
2018-04-04 11:54:41,124 Processed data/craft-2.0/articles/nxml/BMC Neurosci-7-_-1420314.nxml with original nxml
2018-04-04 11:54:41,131 Processed data/craft-2.0/articles/nxml/BMC Ophthalmol-3-_-149350.nxml with original nxml
2018-04-04 11:54:41,139 Processed data/craft-2.0/articles/nxml/BMC Struct Biol-3-_-280685.nxml with original nxml
2018-04-04 11:54:41,145 Processed data/craft-2.0/articles/nxml/Breast Cancer Res-3-5-138691.nxml with original nxml
2018-04-04 11:54:41,154 Processed data/craft-2.0/articles/nxml/Genome Biol-4-11-329117.nxml with original nxml
2018-04-04 11:54:41,167 Processed data/craft-2.0/articles/nxml/J Biol-3-4-549712.nxml with original nxml
2018-04-04 11:54:41,182 Processed data/craft-2.0/articles/nxml/Nucleic Acids Res-33-18-1253828.nxml with original nxml
2018-04-04 11:54:41,193 Processed data/craft-2.0/articles/nxml/Nucleic Acids Res-33-9-1140370.nxml with original nxml
2018-04-04 11:54:41,200 Processed data/craft-2.0/articles/nxml/Nucleic Acids Res-34-13-1540739.nxml with original nxml
2018-04-04 11:54:41,215 Processed data/craft-2.0/articles/nxml/PLoS Biol-2-1-314463.nxml with original nxml
2018-04-04 11:54:41,221 Processed data/craft-2.0/articles/nxml/PLoS Biol-2-10-509410.nxml with original nxml
2018-04-04 11:54:41,234 Processed data/craft-2.0/articles/nxml/PLoS Biol-2-11-523229.nxml with original nxml
2018-04-04 11:54:41,242 Processed data/craft-2.0/articles/nxml/PLoS Biol-2-12-529315.nxml with original nxml
2018-04-04 11:54:41,252 Processed data/craft-2.0/articles/nxml/PLoS Biol-2-8-509301.nxml with original nxml
2018-04-04 11:54:41,261 Processed data/craft-2.0/articles/nxml/PLoS Biol-2-8-509305.nxml with original nxml
2018-04-04 11:54:41,272 Processed data/craft-2.0/articles/nxml/PLoS Biol-3-1-539061.nxml with original nxml
2018-04-04 11:54:41,289 Processed data/craft-2.0/articles/nxml/PLoS Biol-3-11-1283373.nxml with original nxml
2018-04-04 11:54:41,303 Processed data/craft-2.0/articles/nxml/PLoS Biol-3-4-1074790.nxml with original nxml
2018-04-04 11:54:41,314 Processed data/craft-2.0/articles/nxml/PLoS Biol-3-5-1110896.nxml with original nxml
2018-04-04 11:54:41,325 Processed data/craft-2.0/articles/nxml/PLoS Biol-4-10-1617330.nxml with original nxml
2018-04-04 11:54:41,337 Processed data/craft-2.0/articles/nxml/PLoS Biol-4-6-1475681.nxml with original nxml
2018-04-04 11:54:41,354 Processed data/craft-2.0/articles/nxml/PLoS Biol-5-7-1914394.nxml with original nxml
2018-04-04 11:54:41,364 Processed data/craft-2.0/articles/nxml/PLoS Genet-1-1-1183529.nxml with original nxml
2018-04-04 11:54:41,376 Processed data/craft-2.0/articles/nxml/PLoS Genet-1-2-1193523.nxml with original nxml
2018-04-04 11:54:41,384 Processed data/craft-2.0/articles/nxml/PLoS Genet-1-2-1193529.nxml with original nxml
2018-04-04 11:54:41,392 Processed data/craft-2.0/articles/nxml/PLoS Genet-1-2-1193530.nxml with original nxml
2018-04-04 11:54:41,403 Processed data/craft-2.0/articles/nxml/PLoS Genet-1-6-1342629.nxml with original nxml
2018-04-04 11:54:41,417 Processed data/craft-2.0/articles/nxml/PLoS Genet-2-10-1626108.nxml with original nxml
2018-04-04 11:54:41,427 Processed data/craft-2.0/articles/nxml/PLoS Genet-2-11-1657042.nxml with original nxml
2018-04-04 11:54:41,443 Processed data/craft-2.0/articles/nxml/PLoS Genet-2-12-1756909.nxml with original nxml
2018-04-04 11:54:41,452 Processed data/craft-2.0/articles/nxml/PLoS Genet-2-2-1378123.nxml with original nxml
2018-04-04 11:54:41,463 Processed data/craft-2.0/articles/nxml/PLoS Genet-2-4-1449899.nxml with original nxml
2018-04-04 11:54:41,475 Processed data/craft-2.0/articles/nxml/PLoS Genet-2-9-1584259.nxml with original nxml
2018-04-04 11:54:41,488 Processed data/craft-2.0/articles/nxml/PLoS Genet-3-4-1857728.nxml with original nxml
2018-04-04 11:54:41,496 Processed data/craft-2.0/articles/nxml/PLoS Genet-3-6-1904370.nxml with original nxml
2018-04-04 11:54:41,509 Processed data/craft-2.0/articles/nxml/PLoS Genet-3-8-1959384.nxml with original nxml
2018-04-04 11:54:41,521 Processed data/craft-2.0/articles/nxml/PLoS Med-2-12-1322285.nxml with original nxml
2018-04-04 11:57:22,524 Processed data/craft-2.0/articles/nxml/Arthritis Res Ther-8-2-1526604.nxml with original nxml
2018-04-04 11:57:22,534 Processed data/craft-2.0/articles/nxml/Arthritis Res Ther-9-1-1860061.nxml with original nxml
2018-04-04 11:57:22,542 Processed data/craft-2.0/articles/nxml/BMC Biochem-4-_-194730.nxml with original nxml
2018-04-04 11:57:22,554 Processed data/craft-2.0/articles/nxml/BMC Biol-5-_-1858683.nxml with original nxml
2018-04-04 11:57:22,559 Processed data/craft-2.0/articles/nxml/BMC Biotechnol-2-_-116589.nxml with original nxml
2018-04-04 11:57:22,569 Processed data/craft-2.0/articles/nxml/BMC Blood Disord-6-_-1617083.nxml with original nxml
2018-04-04 11:57:22,586 Processed data/craft-2.0/articles/nxml/BMC Cancer-5-_-1310620.nxml with original nxml
2018-04-04 11:57:22,595 Processed data/craft-2.0/articles/nxml/BMC Dev Biol-4-_-341451.nxml with original nxml
2018-04-04 11:57:22,605 Processed data/craft-2.0/articles/nxml/BMC Dev Biol-5-_-1208873.nxml with original nxml
2018-04-04 11:57:22,615 Processed data/craft-2.0/articles/nxml/BMC Dev Biol-6-_-1382200.nxml with original nxml
2018-04-04 11:57:22,621 Processed data/craft-2.0/articles/nxml/BMC Dev Biol-6-_-1420271.nxml with original nxml
2018-04-04 11:57:22,631 Processed data/craft-2.0/articles/nxml/BMC Dev Biol-6-_-1435744.nxml with original nxml
2018-04-04 11:57:22,639 Processed data/craft-2.0/articles/nxml/BMC Dev Biol-6-_-1635039.nxml with original nxml
2018-04-04 11:57:22,650 Processed data/craft-2.0/articles/nxml/BMC Evol Biol-4-_-441373.nxml with original nxml
2018-04-04 11:57:22,661 Processed data/craft-2.0/articles/nxml/BMC Genet-2-_-48141.nxml with original nxml
2018-04-04 11:57:22,670 Processed data/craft-2.0/articles/nxml/BMC Genet-6-_-1166548.nxml with original nxml
2018-04-04 11:57:22,680 Processed data/craft-2.0/articles/nxml/BMC Genet-6-_-1181811.nxml with original nxml
2018-04-04 11:57:22,689 Processed data/craft-2.0/articles/nxml/BMC Genet-6-_-1208879.nxml with original nxml
2018-04-04 11:57:22,694 Processed data/craft-2.0/articles/nxml/BMC Genomics-3-_-88885.nxml with original nxml
2018-04-04 11:57:22,700 Processed data/craft-2.0/articles/nxml/BMC Genomics-5-_-340383.nxml with original nxml
2018-04-04 11:57:22,717 Processed data/craft-2.0/articles/nxml/BMC Genomics-7-_-1482699.nxml with original nxml
2018-04-04 11:57:22,726 Processed data/craft-2.0/articles/nxml/BMC Med Genet-7-_-1448208.nxml with original nxml
2018-04-04 11:57:22,736 Processed data/craft-2.0/articles/nxml/BMC Med-2-_-394351.nxml with original nxml
2018-04-04 11:57:22,745 Processed data/craft-2.0/articles/nxml/BMC Med-2-_-516044.nxml with original nxml
2018-04-04 11:57:22,754 Processed data/craft-2.0/articles/nxml/BMC Neurosci-4-_-149366.nxml with original nxml
2018-04-04 11:57:22,762 Processed data/craft-2.0/articles/nxml/BMC Neurosci-5-_-400732.nxml with original nxml
2018-04-04 11:57:22,770 Processed data/craft-2.0/articles/nxml/BMC Neurosci-5-_-539297.nxml with original nxml
2018-04-04 11:57:22,777 Processed data/craft-2.0/articles/nxml/BMC Neurosci-6-_-1087847.nxml with original nxml
2018-04-04 11:57:22,785 Processed data/craft-2.0/articles/nxml/BMC Neurosci-6-_-1142324.nxml with original nxml
2018-04-04 11:57:22,795 Processed data/craft-2.0/articles/nxml/BMC Neurosci-6-_-548520.nxml with original nxml
2018-04-04 11:57:22,803 Processed data/craft-2.0/articles/nxml/BMC Neurosci-7-_-1420314.nxml with original nxml
2018-04-04 11:57:22,809 Processed data/craft-2.0/articles/nxml/BMC Ophthalmol-3-_-149350.nxml with original nxml
2018-04-04 11:57:22,817 Processed data/craft-2.0/articles/nxml/BMC Struct Biol-3-_-280685.nxml with original nxml
2018-04-04 11:57:22,823 Processed data/craft-2.0/articles/nxml/Breast Cancer Res-3-5-138691.nxml with original nxml
2018-04-04 11:57:22,833 Processed data/craft-2.0/articles/nxml/Genome Biol-4-11-329117.nxml with original nxml
2018-04-04 11:57:22,845 Processed data/craft-2.0/articles/nxml/J Biol-3-4-549712.nxml with original nxml
2018-04-04 11:57:22,859 Processed data/craft-2.0/articles/nxml/Nucleic Acids Res-33-18-1253828.nxml with original nxml
2018-04-04 11:57:22,869 Processed data/craft-2.0/articles/nxml/Nucleic Acids Res-33-9-1140370.nxml with original nxml
2018-04-04 11:57:22,875 Processed data/craft-2.0/articles/nxml/Nucleic Acids Res-34-13-1540739.nxml with original nxml
2018-04-04 11:57:22,891 Processed data/craft-2.0/articles/nxml/PLoS Biol-2-1-314463.nxml with original nxml
2018-04-04 11:57:22,897 Processed data/craft-2.0/articles/nxml/PLoS Biol-2-10-509410.nxml with original nxml
2018-04-04 11:57:22,909 Processed data/craft-2.0/articles/nxml/PLoS Biol-2-11-523229.nxml with original nxml
2018-04-04 11:57:22,917 Processed data/craft-2.0/articles/nxml/PLoS Biol-2-12-529315.nxml with original nxml
2018-04-04 11:57:22,927 Processed data/craft-2.0/articles/nxml/PLoS Biol-2-8-509301.nxml with original nxml
2018-04-04 11:57:22,936 Processed data/craft-2.0/articles/nxml/PLoS Biol-2-8-509305.nxml with original nxml
2018-04-04 11:57:22,947 Processed data/craft-2.0/articles/nxml/PLoS Biol-3-1-539061.nxml with original nxml
2018-04-04 11:57:22,963 Processed data/craft-2.0/articles/nxml/PLoS Biol-3-11-1283373.nxml with original nxml
2018-04-04 11:57:22,976 Processed data/craft-2.0/articles/nxml/PLoS Biol-3-4-1074790.nxml with original nxml
2018-04-04 11:57:22,987 Processed data/craft-2.0/articles/nxml/PLoS Biol-3-5-1110896.nxml with original nxml
2018-04-04 11:57:22,997 Processed data/craft-2.0/articles/nxml/PLoS Biol-4-10-1617330.nxml with original nxml
2018-04-04 11:57:23,009 Processed data/craft-2.0/articles/nxml/PLoS Biol-4-6-1475681.nxml with original nxml
2018-04-04 11:57:23,025 Processed data/craft-2.0/articles/nxml/PLoS Biol-5-7-1914394.nxml with original nxml
2018-04-04 11:57:23,035 Processed data/craft-2.0/articles/nxml/PLoS Genet-1-1-1183529.nxml with original nxml
2018-04-04 11:57:23,049 Processed data/craft-2.0/articles/nxml/PLoS Genet-1-2-1193523.nxml with original nxml
2018-04-04 11:57:23,056 Processed data/craft-2.0/articles/nxml/PLoS Genet-1-2-1193529.nxml with original nxml
2018-04-04 11:57:23,064 Processed data/craft-2.0/articles/nxml/PLoS Genet-1-2-1193530.nxml with original nxml
2018-04-04 11:57:23,075 Processed data/craft-2.0/articles/nxml/PLoS Genet-1-6-1342629.nxml with original nxml
2018-04-04 11:57:23,087 Processed data/craft-2.0/articles/nxml/PLoS Genet-2-10-1626108.nxml with original nxml
2018-04-04 11:57:23,096 Processed data/craft-2.0/articles/nxml/PLoS Genet-2-11-1657042.nxml with original nxml
2018-04-04 11:57:23,110 Processed data/craft-2.0/articles/nxml/PLoS Genet-2-12-1756909.nxml with original nxml
2018-04-04 11:57:23,120 Processed data/craft-2.0/articles/nxml/PLoS Genet-2-2-1378123.nxml with original nxml
2018-04-04 11:57:23,130 Processed data/craft-2.0/articles/nxml/PLoS Genet-2-4-1449899.nxml with original nxml
2018-04-04 11:57:23,142 Processed data/craft-2.0/articles/nxml/PLoS Genet-2-9-1584259.nxml with original nxml
2018-04-04 11:57:23,156 Processed data/craft-2.0/articles/nxml/PLoS Genet-3-4-1857728.nxml with original nxml
2018-04-04 11:57:23,163 Processed data/craft-2.0/articles/nxml/PLoS Genet-3-6-1904370.nxml with original nxml
2018-04-04 11:57:23,176 Processed data/craft-2.0/articles/nxml/PLoS Genet-3-8-1959384.nxml with original nxml
2018-04-04 11:57:23,187 Processed data/craft-2.0/articles/nxml/PLoS Med-2-12-1322285.nxml with original nxml
2018-04-04 11:58:03,755 Processed data/craft-2.0/articles/nxml/Arthritis Res Ther-8-2-1526604.nxml with original nxml
2018-04-04 11:58:03,765 Processed data/craft-2.0/articles/nxml/Arthritis Res Ther-9-1-1860061.nxml with original nxml
2018-04-04 11:58:03,773 Processed data/craft-2.0/articles/nxml/BMC Biochem-4-_-194730.nxml with original nxml
2018-04-04 11:58:03,786 Processed data/craft-2.0/articles/nxml/BMC Biol-5-_-1858683.nxml with original nxml
2018-04-04 11:58:03,792 Processed data/craft-2.0/articles/nxml/BMC Biotechnol-2-_-116589.nxml with original nxml
2018-04-04 11:58:03,802 Processed data/craft-2.0/articles/nxml/BMC Blood Disord-6-_-1617083.nxml with original nxml
2018-04-04 11:58:03,821 Processed data/craft-2.0/articles/nxml/BMC Cancer-5-_-1310620.nxml with original nxml
2018-04-04 11:58:03,831 Processed data/craft-2.0/articles/nxml/BMC Dev Biol-4-_-341451.nxml with original nxml
2018-04-04 11:58:03,841 Processed data/craft-2.0/articles/nxml/BMC Dev Biol-5-_-1208873.nxml with original nxml
2018-04-04 11:58:03,852 Processed data/craft-2.0/articles/nxml/BMC Dev Biol-6-_-1382200.nxml with original nxml
2018-04-04 11:58:03,858 Processed data/craft-2.0/articles/nxml/BMC Dev Biol-6-_-1420271.nxml with original nxml
2018-04-04 11:58:03,868 Processed data/craft-2.0/articles/nxml/BMC Dev Biol-6-_-1435744.nxml with original nxml
2018-04-04 11:58:03,878 Processed data/craft-2.0/articles/nxml/BMC Dev Biol-6-_-1635039.nxml with original nxml
2018-04-04 11:58:03,889 Processed data/craft-2.0/articles/nxml/BMC Evol Biol-4-_-441373.nxml with original nxml
2018-04-04 11:58:03,901 Processed data/craft-2.0/articles/nxml/BMC Genet-2-_-48141.nxml with original nxml
2018-04-04 11:58:03,911 Processed data/craft-2.0/articles/nxml/BMC Genet-6-_-1166548.nxml with original nxml
2018-04-04 11:58:03,921 Processed data/craft-2.0/articles/nxml/BMC Genet-6-_-1181811.nxml with original nxml
2018-04-04 11:58:03,930 Processed data/craft-2.0/articles/nxml/BMC Genet-6-_-1208879.nxml with original nxml
2018-04-04 11:58:03,936 Processed data/craft-2.0/articles/nxml/BMC Genomics-3-_-88885.nxml with original nxml
2018-04-04 11:58:03,942 Processed data/craft-2.0/articles/nxml/BMC Genomics-5-_-340383.nxml with original nxml
2018-04-04 11:58:03,959 Processed data/craft-2.0/articles/nxml/BMC Genomics-7-_-1482699.nxml with original nxml
2018-04-04 11:58:03,969 Processed data/craft-2.0/articles/nxml/BMC Med Genet-7-_-1448208.nxml with original nxml
2018-04-04 11:58:03,982 Processed data/craft-2.0/articles/nxml/BMC Med-2-_-394351.nxml with original nxml
2018-04-04 11:58:03,992 Processed data/craft-2.0/articles/nxml/BMC Med-2-_-516044.nxml with original nxml
2018-04-04 11:58:04,002 Processed data/craft-2.0/articles/nxml/BMC Neurosci-4-_-149366.nxml with original nxml
2018-04-04 11:58:04,011 Processed data/craft-2.0/articles/nxml/BMC Neurosci-5-_-400732.nxml with original nxml
2018-04-04 11:58:04,020 Processed data/craft-2.0/articles/nxml/BMC Neurosci-5-_-539297.nxml with original nxml
2018-04-04 11:58:04,028 Processed data/craft-2.0/articles/nxml/BMC Neurosci-6-_-1087847.nxml with original nxml
2018-04-04 11:58:04,037 Processed data/craft-2.0/articles/nxml/BMC Neurosci-6-_-1142324.nxml with original nxml
2018-04-04 11:58:04,047 Processed data/craft-2.0/articles/nxml/BMC Neurosci-6-_-548520.nxml with original nxml
2018-04-04 11:58:04,055 Processed data/craft-2.0/articles/nxml/BMC Neurosci-7-_-1420314.nxml with original nxml
2018-04-04 11:58:04,062 Processed data/craft-2.0/articles/nxml/BMC Ophthalmol-3-_-149350.nxml with original nxml
2018-04-04 11:58:04,071 Processed data/craft-2.0/articles/nxml/BMC Struct Biol-3-_-280685.nxml with original nxml
2018-04-04 11:58:04,077 Processed data/craft-2.0/articles/nxml/Breast Cancer Res-3-5-138691.nxml with original nxml
2018-04-04 11:58:04,087 Processed data/craft-2.0/articles/nxml/Genome Biol-4-11-329117.nxml with original nxml
2018-04-04 11:58:04,100 Processed data/craft-2.0/articles/nxml/J Biol-3-4-549712.nxml with original nxml
2018-04-04 11:58:04,115 Processed data/craft-2.0/articles/nxml/Nucleic Acids Res-33-18-1253828.nxml with original nxml
2018-04-04 11:58:04,126 Processed data/craft-2.0/articles/nxml/Nucleic Acids Res-33-9-1140370.nxml with original nxml
2018-04-04 11:58:04,133 Processed data/craft-2.0/articles/nxml/Nucleic Acids Res-34-13-1540739.nxml with original nxml
2018-04-04 11:58:04,149 Processed data/craft-2.0/articles/nxml/PLoS Biol-2-1-314463.nxml with original nxml
2018-04-04 11:58:04,156 Processed data/craft-2.0/articles/nxml/PLoS Biol-2-10-509410.nxml with original nxml
2018-04-04 11:58:04,169 Processed data/craft-2.0/articles/nxml/PLoS Biol-2-11-523229.nxml with original nxml
2018-04-04 11:58:04,178 Processed data/craft-2.0/articles/nxml/PLoS Biol-2-12-529315.nxml with original nxml
2018-04-04 11:58:04,188 Processed data/craft-2.0/articles/nxml/PLoS Biol-2-8-509301.nxml with original nxml
2018-04-04 11:58:04,197 Processed data/craft-2.0/articles/nxml/PLoS Biol-2-8-509305.nxml with original nxml
2018-04-04 11:58:04,208 Processed data/craft-2.0/articles/nxml/PLoS Biol-3-1-539061.nxml with original nxml
2018-04-04 11:58:04,224 Processed data/craft-2.0/articles/nxml/PLoS Biol-3-11-1283373.nxml with original nxml
2018-04-04 11:58:04,239 Processed data/craft-2.0/articles/nxml/PLoS Biol-3-4-1074790.nxml with original nxml
2018-04-04 11:58:04,251 Processed data/craft-2.0/articles/nxml/PLoS Biol-3-5-1110896.nxml with original nxml
2018-04-04 11:58:04,260 Processed data/craft-2.0/articles/nxml/PLoS Biol-4-10-1617330.nxml with original nxml
2018-04-04 11:58:04,274 Processed data/craft-2.0/articles/nxml/PLoS Biol-4-6-1475681.nxml with original nxml
2018-04-04 11:58:04,289 Processed data/craft-2.0/articles/nxml/PLoS Biol-5-7-1914394.nxml with original nxml
2018-04-04 11:58:04,297 Processed data/craft-2.0/articles/nxml/PLoS Genet-1-1-1183529.nxml with original nxml
2018-04-04 11:58:04,310 Processed data/craft-2.0/articles/nxml/PLoS Genet-1-2-1193523.nxml with original nxml
2018-04-04 11:58:04,317 Processed data/craft-2.0/articles/nxml/PLoS Genet-1-2-1193529.nxml with original nxml
2018-04-04 11:58:04,325 Processed data/craft-2.0/articles/nxml/PLoS Genet-1-2-1193530.nxml with original nxml
2018-04-04 11:58:04,336 Processed data/craft-2.0/articles/nxml/PLoS Genet-1-6-1342629.nxml with original nxml
2018-04-04 11:58:04,349 Processed data/craft-2.0/articles/nxml/PLoS Genet-2-10-1626108.nxml with original nxml
2018-04-04 11:58:04,358 Processed data/craft-2.0/articles/nxml/PLoS Genet-2-11-1657042.nxml with original nxml
2018-04-04 11:58:04,371 Processed data/craft-2.0/articles/nxml/PLoS Genet-2-12-1756909.nxml with original nxml
2018-04-04 11:58:04,380 Processed data/craft-2.0/articles/nxml/PLoS Genet-2-2-1378123.nxml with original nxml
2018-04-04 11:58:04,390 Processed data/craft-2.0/articles/nxml/PLoS Genet-2-4-1449899.nxml with original nxml
2018-04-04 11:58:04,400 Processed data/craft-2.0/articles/nxml/PLoS Genet-2-9-1584259.nxml with original nxml
2018-04-04 11:58:04,412 Processed data/craft-2.0/articles/nxml/PLoS Genet-3-4-1857728.nxml with original nxml
2018-04-04 11:58:04,419 Processed data/craft-2.0/articles/nxml/PLoS Genet-3-6-1904370.nxml with original nxml
2018-04-04 11:58:04,431 Processed data/craft-2.0/articles/nxml/PLoS Genet-3-8-1959384.nxml with original nxml
2018-04-04 11:58:04,442 Processed data/craft-2.0/articles/nxml/PLoS Med-2-12-1322285.nxml with original nxml
2018-04-04 11:58:50,070 Processed data/craft-2.0/articles/nxml/Arthritis Res Ther-8-2-1526604.nxml with original nxml
2018-04-04 11:58:50,080 Processed data/craft-2.0/articles/nxml/Arthritis Res Ther-9-1-1860061.nxml with original nxml
2018-04-04 11:58:50,089 Processed data/craft-2.0/articles/nxml/BMC Biochem-4-_-194730.nxml with original nxml
2018-04-04 11:58:50,102 Processed data/craft-2.0/articles/nxml/BMC Biol-5-_-1858683.nxml with original nxml
2018-04-04 11:58:50,108 Processed data/craft-2.0/articles/nxml/BMC Biotechnol-2-_-116589.nxml with original nxml
2018-04-04 11:58:50,118 Processed data/craft-2.0/articles/nxml/BMC Blood Disord-6-_-1617083.nxml with original nxml
2018-04-04 11:58:50,136 Processed data/craft-2.0/articles/nxml/BMC Cancer-5-_-1310620.nxml with original nxml
2018-04-04 11:58:50,147 Processed data/craft-2.0/articles/nxml/BMC Dev Biol-4-_-341451.nxml with original nxml
2018-04-04 11:58:50,157 Processed data/craft-2.0/articles/nxml/BMC Dev Biol-5-_-1208873.nxml with original nxml
2018-04-04 11:58:50,168 Processed data/craft-2.0/articles/nxml/BMC Dev Biol-6-_-1382200.nxml with original nxml
2018-04-04 11:58:50,175 Processed data/craft-2.0/articles/nxml/BMC Dev Biol-6-_-1420271.nxml with original nxml
2018-04-04 11:58:50,185 Processed data/craft-2.0/articles/nxml/BMC Dev Biol-6-_-1435744.nxml with original nxml
2018-04-04 11:58:50,195 Processed data/craft-2.0/articles/nxml/BMC Dev Biol-6-_-1635039.nxml with original nxml
2018-04-04 11:58:50,206 Processed data/craft-2.0/articles/nxml/BMC Evol Biol-4-_-441373.nxml with original nxml
2018-04-04 11:58:50,218 Processed data/craft-2.0/articles/nxml/BMC Genet-2-_-48141.nxml with original nxml
2018-04-04 11:58:50,228 Processed data/craft-2.0/articles/nxml/BMC Genet-6-_-1166548.nxml with original nxml
2018-04-04 11:58:50,238 Processed data/craft-2.0/articles/nxml/BMC Genet-6-_-1181811.nxml with original nxml
2018-04-04 11:58:50,248 Processed data/craft-2.0/articles/nxml/BMC Genet-6-_-1208879.nxml with original nxml
2018-04-04 11:58:50,254 Processed data/craft-2.0/articles/nxml/BMC Genomics-3-_-88885.nxml with original nxml
2018-04-04 11:58:50,259 Processed data/craft-2.0/articles/nxml/BMC Genomics-5-_-340383.nxml with original nxml
2018-04-04 11:58:50,277 Processed data/craft-2.0/articles/nxml/BMC Genomics-7-_-1482699.nxml with original nxml
2018-04-04 11:58:50,286 Processed data/craft-2.0/articles/nxml/BMC Med Genet-7-_-1448208.nxml with original nxml
2018-04-04 11:58:50,298 Processed data/craft-2.0/articles/nxml/BMC Med-2-_-394351.nxml with original nxml
2018-04-04 11:58:50,308 Processed data/craft-2.0/articles/nxml/BMC Med-2-_-516044.nxml with original nxml
2018-04-04 11:58:50,318 Processed data/craft-2.0/articles/nxml/BMC Neurosci-4-_-149366.nxml with original nxml
2018-04-04 11:58:50,327 Processed data/craft-2.0/articles/nxml/BMC Neurosci-5-_-400732.nxml with original nxml
2018-04-04 11:58:50,335 Processed data/craft-2.0/articles/nxml/BMC Neurosci-5-_-539297.nxml with original nxml
2018-04-04 11:58:50,344 Processed data/craft-2.0/articles/nxml/BMC Neurosci-6-_-1087847.nxml with original nxml
2018-04-04 11:58:50,353 Processed data/craft-2.0/articles/nxml/BMC Neurosci-6-_-1142324.nxml with original nxml
2018-04-04 11:58:50,363 Processed data/craft-2.0/articles/nxml/BMC Neurosci-6-_-548520.nxml with original nxml
2018-04-04 11:58:50,371 Processed data/craft-2.0/articles/nxml/BMC Neurosci-7-_-1420314.nxml with original nxml
2018-04-04 11:58:50,379 Processed data/craft-2.0/articles/nxml/BMC Ophthalmol-3-_-149350.nxml with original nxml
2018-04-04 11:58:50,387 Processed data/craft-2.0/articles/nxml/BMC Struct Biol-3-_-280685.nxml with original nxml
2018-04-04 11:58:50,393 Processed data/craft-2.0/articles/nxml/Breast Cancer Res-3-5-138691.nxml with original nxml
2018-04-04 11:58:50,403 Processed data/craft-2.0/articles/nxml/Genome Biol-4-11-329117.nxml with original nxml
2018-04-04 11:58:50,417 Processed data/craft-2.0/articles/nxml/J Biol-3-4-549712.nxml with original nxml
2018-04-04 11:58:50,433 Processed data/craft-2.0/articles/nxml/Nucleic Acids Res-33-18-1253828.nxml with original nxml
2018-04-04 11:58:50,446 Processed data/craft-2.0/articles/nxml/Nucleic Acids Res-33-9-1140370.nxml with original nxml
2018-04-04 11:58:50,453 Processed data/craft-2.0/articles/nxml/Nucleic Acids Res-34-13-1540739.nxml with original nxml
2018-04-04 11:58:50,471 Processed data/craft-2.0/articles/nxml/PLoS Biol-2-1-314463.nxml with original nxml
2018-04-04 11:58:50,478 Processed data/craft-2.0/articles/nxml/PLoS Biol-2-10-509410.nxml with original nxml
2018-04-04 11:58:50,492 Processed data/craft-2.0/articles/nxml/PLoS Biol-2-11-523229.nxml with original nxml
2018-04-04 11:58:50,501 Processed data/craft-2.0/articles/nxml/PLoS Biol-2-12-529315.nxml with original nxml
2018-04-04 11:58:50,512 Processed data/craft-2.0/articles/nxml/PLoS Biol-2-8-509301.nxml with original nxml
2018-04-04 11:58:50,523 Processed data/craft-2.0/articles/nxml/PLoS Biol-2-8-509305.nxml with original nxml
2018-04-04 11:58:50,534 Processed data/craft-2.0/articles/nxml/PLoS Biol-3-1-539061.nxml with original nxml
2018-04-04 11:58:50,550 Processed data/craft-2.0/articles/nxml/PLoS Biol-3-11-1283373.nxml with original nxml
2018-04-04 11:58:50,565 Processed data/craft-2.0/articles/nxml/PLoS Biol-3-4-1074790.nxml with original nxml
2018-04-04 11:58:50,577 Processed data/craft-2.0/articles/nxml/PLoS Biol-3-5-1110896.nxml with original nxml
2018-04-04 11:58:50,587 Processed data/craft-2.0/articles/nxml/PLoS Biol-4-10-1617330.nxml with original nxml
2018-04-04 11:58:50,598 Processed data/craft-2.0/articles/nxml/PLoS Biol-4-6-1475681.nxml with original nxml
2018-04-04 11:58:50,614 Processed data/craft-2.0/articles/nxml/PLoS Biol-5-7-1914394.nxml with original nxml
2018-04-04 11:58:50,623 Processed data/craft-2.0/articles/nxml/PLoS Genet-1-1-1183529.nxml with original nxml
2018-04-04 11:58:50,637 Processed data/craft-2.0/articles/nxml/PLoS Genet-1-2-1193523.nxml with original nxml
2018-04-04 11:58:50,645 Processed data/craft-2.0/articles/nxml/PLoS Genet-1-2-1193529.nxml with original nxml
2018-04-04 11:58:50,654 Processed data/craft-2.0/articles/nxml/PLoS Genet-1-2-1193530.nxml with original nxml
2018-04-04 11:58:50,667 Processed data/craft-2.0/articles/nxml/PLoS Genet-1-6-1342629.nxml with original nxml
2018-04-04 11:58:50,681 Processed data/craft-2.0/articles/nxml/PLoS Genet-2-10-1626108.nxml with original nxml
2018-04-04 11:58:50,691 Processed data/craft-2.0/articles/nxml/PLoS Genet-2-11-1657042.nxml with original nxml
2018-04-04 11:58:50,706 Processed data/craft-2.0/articles/nxml/PLoS Genet-2-12-1756909.nxml with original nxml
2018-04-04 11:58:50,715 Processed data/craft-2.0/articles/nxml/PLoS Genet-2-2-1378123.nxml with original nxml
2018-04-04 11:58:50,726 Processed data/craft-2.0/articles/nxml/PLoS Genet-2-4-1449899.nxml with original nxml
2018-04-04 11:58:50,738 Processed data/craft-2.0/articles/nxml/PLoS Genet-2-9-1584259.nxml with original nxml
2018-04-04 11:58:50,752 Processed data/craft-2.0/articles/nxml/PLoS Genet-3-4-1857728.nxml with original nxml
2018-04-04 11:58:50,760 Processed data/craft-2.0/articles/nxml/PLoS Genet-3-6-1904370.nxml with original nxml
2018-04-04 11:58:50,774 Processed data/craft-2.0/articles/nxml/PLoS Genet-3-8-1959384.nxml with original nxml
2018-04-04 11:58:50,788 Processed data/craft-2.0/articles/nxml/PLoS Med-2-12-1322285.nxml with original nxml
2018-04-04 11:59:19,967 Processed data/craft-2.0/articles/nxml/Arthritis Res Ther-8-2-1526604.nxml with original nxml
2018-04-04 11:59:19,977 Processed data/craft-2.0/articles/nxml/Arthritis Res Ther-9-1-1860061.nxml with original nxml
2018-04-04 11:59:19,987 Processed data/craft-2.0/articles/nxml/BMC Biochem-4-_-194730.nxml with original nxml
2018-04-04 11:59:19,998 Processed data/craft-2.0/articles/nxml/BMC Biol-5-_-1858683.nxml with original nxml
2018-04-04 11:59:20,005 Processed data/craft-2.0/articles/nxml/BMC Biotechnol-2-_-116589.nxml with original nxml
2018-04-04 11:59:20,013 Processed data/craft-2.0/articles/nxml/BMC Blood Disord-6-_-1617083.nxml with original nxml
2018-04-04 11:59:20,031 Processed data/craft-2.0/articles/nxml/BMC Cancer-5-_-1310620.nxml with original nxml
2018-04-04 11:59:20,041 Processed data/craft-2.0/articles/nxml/BMC Dev Biol-4-_-341451.nxml with original nxml
2018-04-04 11:59:20,055 Processed data/craft-2.0/articles/nxml/BMC Dev Biol-5-_-1208873.nxml with original nxml
2018-04-04 11:59:20,065 Processed data/craft-2.0/articles/nxml/BMC Dev Biol-6-_-1382200.nxml with original nxml
2018-04-04 11:59:20,072 Processed data/craft-2.0/articles/nxml/BMC Dev Biol-6-_-1420271.nxml with original nxml
2018-04-04 11:59:20,081 Processed data/craft-2.0/articles/nxml/BMC Dev Biol-6-_-1435744.nxml with original nxml
2018-04-04 11:59:20,090 Processed data/craft-2.0/articles/nxml/BMC Dev Biol-6-_-1635039.nxml with original nxml
2018-04-04 11:59:20,102 Processed data/craft-2.0/articles/nxml/BMC Evol Biol-4-_-441373.nxml with original nxml
2018-04-04 11:59:20,113 Processed data/craft-2.0/articles/nxml/BMC Genet-2-_-48141.nxml with original nxml
2018-04-04 11:59:20,123 Processed data/craft-2.0/articles/nxml/BMC Genet-6-_-1166548.nxml with original nxml
2018-04-04 11:59:20,133 Processed data/craft-2.0/articles/nxml/BMC Genet-6-_-1181811.nxml with original nxml
2018-04-04 11:59:20,142 Processed data/craft-2.0/articles/nxml/BMC Genet-6-_-1208879.nxml with original nxml
2018-04-04 11:59:20,148 Processed data/craft-2.0/articles/nxml/BMC Genomics-3-_-88885.nxml with original nxml
2018-04-04 11:59:20,154 Processed data/craft-2.0/articles/nxml/BMC Genomics-5-_-340383.nxml with original nxml
2018-04-04 11:59:20,172 Processed data/craft-2.0/articles/nxml/BMC Genomics-7-_-1482699.nxml with original nxml
2018-04-04 11:59:20,181 Processed data/craft-2.0/articles/nxml/BMC Med Genet-7-_-1448208.nxml with original nxml
2018-04-04 11:59:20,193 Processed data/craft-2.0/articles/nxml/BMC Med-2-_-394351.nxml with original nxml
2018-04-04 11:59:20,202 Processed data/craft-2.0/articles/nxml/BMC Med-2-_-516044.nxml with original nxml
2018-04-04 11:59:20,212 Processed data/craft-2.0/articles/nxml/BMC Neurosci-4-_-149366.nxml with original nxml
2018-04-04 11:59:20,220 Processed data/craft-2.0/articles/nxml/BMC Neurosci-5-_-400732.nxml with original nxml
2018-04-04 11:59:20,228 Processed data/craft-2.0/articles/nxml/BMC Neurosci-5-_-539297.nxml with original nxml
2018-04-04 11:59:20,236 Processed data/craft-2.0/articles/nxml/BMC Neurosci-6-_-1087847.nxml with original nxml
2018-04-04 11:59:20,244 Processed data/craft-2.0/articles/nxml/BMC Neurosci-6-_-1142324.nxml with original nxml
2018-04-04 11:59:20,254 Processed data/craft-2.0/articles/nxml/BMC Neurosci-6-_-548520.nxml with original nxml
2018-04-04 11:59:20,261 Processed data/craft-2.0/articles/nxml/BMC Neurosci-7-_-1420314.nxml with original nxml
2018-04-04 11:59:20,267 Processed data/craft-2.0/articles/nxml/BMC Ophthalmol-3-_-149350.nxml with original nxml
2018-04-04 11:59:20,276 Processed data/craft-2.0/articles/nxml/BMC Struct Biol-3-_-280685.nxml with original nxml
2018-04-04 11:59:20,282 Processed data/craft-2.0/articles/nxml/Breast Cancer Res-3-5-138691.nxml with original nxml
2018-04-04 11:59:20,291 Processed data/craft-2.0/articles/nxml/Genome Biol-4-11-329117.nxml with original nxml
2018-04-04 11:59:20,304 Processed data/craft-2.0/articles/nxml/J Biol-3-4-549712.nxml with original nxml
2018-04-04 11:59:20,319 Processed data/craft-2.0/articles/nxml/Nucleic Acids Res-33-18-1253828.nxml with original nxml
2018-04-04 11:59:20,330 Processed data/craft-2.0/articles/nxml/Nucleic Acids Res-33-9-1140370.nxml with original nxml
2018-04-04 11:59:20,337 Processed data/craft-2.0/articles/nxml/Nucleic Acids Res-34-13-1540739.nxml with original nxml
2018-04-04 11:59:20,352 Processed data/craft-2.0/articles/nxml/PLoS Biol-2-1-314463.nxml with original nxml
2018-04-04 11:59:20,359 Processed data/craft-2.0/articles/nxml/PLoS Biol-2-10-509410.nxml with original nxml
2018-04-04 11:59:20,371 Processed data/craft-2.0/articles/nxml/PLoS Biol-2-11-523229.nxml with original nxml
2018-04-04 11:59:20,380 Processed data/craft-2.0/articles/nxml/PLoS Biol-2-12-529315.nxml with original nxml
2018-04-04 11:59:20,390 Processed data/craft-2.0/articles/nxml/PLoS Biol-2-8-509301.nxml with original nxml
2018-04-04 11:59:20,398 Processed data/craft-2.0/articles/nxml/PLoS Biol-2-8-509305.nxml with original nxml
2018-04-04 11:59:20,409 Processed data/craft-2.0/articles/nxml/PLoS Biol-3-1-539061.nxml with original nxml
2018-04-04 11:59:20,426 Processed data/craft-2.0/articles/nxml/PLoS Biol-3-11-1283373.nxml with original nxml
2018-04-04 11:59:20,441 Processed data/craft-2.0/articles/nxml/PLoS Biol-3-4-1074790.nxml with original nxml
2018-04-04 11:59:20,452 Processed data/craft-2.0/articles/nxml/PLoS Biol-3-5-1110896.nxml with original nxml
2018-04-04 11:59:20,463 Processed data/craft-2.0/articles/nxml/PLoS Biol-4-10-1617330.nxml with original nxml
2018-04-04 11:59:20,476 Processed data/craft-2.0/articles/nxml/PLoS Biol-4-6-1475681.nxml with original nxml
2018-04-04 11:59:20,495 Processed data/craft-2.0/articles/nxml/PLoS Biol-5-7-1914394.nxml with original nxml
2018-04-04 11:59:20,506 Processed data/craft-2.0/articles/nxml/PLoS Genet-1-1-1183529.nxml with original nxml
2018-04-04 11:59:20,521 Processed data/craft-2.0/articles/nxml/PLoS Genet-1-2-1193523.nxml with original nxml
2018-04-04 11:59:20,529 Processed data/craft-2.0/articles/nxml/PLoS Genet-1-2-1193529.nxml with original nxml
2018-04-04 11:59:20,537 Processed data/craft-2.0/articles/nxml/PLoS Genet-1-2-1193530.nxml with original nxml
2018-04-04 11:59:20,549 Processed data/craft-2.0/articles/nxml/PLoS Genet-1-6-1342629.nxml with original nxml
2018-04-04 11:59:20,564 Processed data/craft-2.0/articles/nxml/PLoS Genet-2-10-1626108.nxml with original nxml
2018-04-04 11:59:20,573 Processed data/craft-2.0/articles/nxml/PLoS Genet-2-11-1657042.nxml with original nxml
2018-04-04 11:59:20,588 Processed data/craft-2.0/articles/nxml/PLoS Genet-2-12-1756909.nxml with original nxml
2018-04-04 11:59:20,598 Processed data/craft-2.0/articles/nxml/PLoS Genet-2-2-1378123.nxml with original nxml
2018-04-04 11:59:20,610 Processed data/craft-2.0/articles/nxml/PLoS Genet-2-4-1449899.nxml with original nxml
2018-04-04 11:59:20,621 Processed data/craft-2.0/articles/nxml/PLoS Genet-2-9-1584259.nxml with original nxml
2018-04-04 11:59:20,634 Processed data/craft-2.0/articles/nxml/PLoS Genet-3-4-1857728.nxml with original nxml
2018-04-04 11:59:20,641 Processed data/craft-2.0/articles/nxml/PLoS Genet-3-6-1904370.nxml with original nxml
2018-04-04 11:59:20,653 Processed data/craft-2.0/articles/nxml/PLoS Genet-3-8-1959384.nxml with original nxml
2018-04-04 11:59:20,666 Processed data/craft-2.0/articles/nxml/PLoS Med-2-12-1322285.nxml with original nxml
2018-04-04 12:07:01,438 Processed data/craft-2.0/articles/nxml/Arthritis Res Ther-8-2-1526604.nxml with original nxml
2018-04-04 12:07:01,447 Processed data/craft-2.0/articles/nxml/Arthritis Res Ther-9-1-1860061.nxml with original nxml
2018-04-04 12:07:01,455 Processed data/craft-2.0/articles/nxml/BMC Biochem-4-_-194730.nxml with original nxml
2018-04-04 12:07:01,467 Processed data/craft-2.0/articles/nxml/BMC Biol-5-_-1858683.nxml with original nxml
2018-04-04 12:07:01,473 Processed data/craft-2.0/articles/nxml/BMC Biotechnol-2-_-116589.nxml with original nxml
2018-04-04 12:07:01,483 Processed data/craft-2.0/articles/nxml/BMC Blood Disord-6-_-1617083.nxml with original nxml
2018-04-04 12:07:01,502 Processed data/craft-2.0/articles/nxml/BMC Cancer-5-_-1310620.nxml with original nxml
2018-04-04 12:07:01,513 Processed data/craft-2.0/articles/nxml/BMC Dev Biol-4-_-341451.nxml with original nxml
2018-04-04 12:07:01,523 Processed data/craft-2.0/articles/nxml/BMC Dev Biol-5-_-1208873.nxml with original nxml
2018-04-04 12:07:01,534 Processed data/craft-2.0/articles/nxml/BMC Dev Biol-6-_-1382200.nxml with original nxml
2018-04-04 12:07:01,541 Processed data/craft-2.0/articles/nxml/BMC Dev Biol-6-_-1420271.nxml with original nxml
2018-04-04 12:07:01,551 Processed data/craft-2.0/articles/nxml/BMC Dev Biol-6-_-1435744.nxml with original nxml
2018-04-04 12:07:01,559 Processed data/craft-2.0/articles/nxml/BMC Dev Biol-6-_-1635039.nxml with original nxml
2018-04-04 12:07:01,571 Processed data/craft-2.0/articles/nxml/BMC Evol Biol-4-_-441373.nxml with original nxml
2018-04-04 12:07:01,583 Processed data/craft-2.0/articles/nxml/BMC Genet-2-_-48141.nxml with original nxml
2018-04-04 12:07:01,593 Processed data/craft-2.0/articles/nxml/BMC Genet-6-_-1166548.nxml with original nxml
2018-04-04 12:07:01,603 Processed data/craft-2.0/articles/nxml/BMC Genet-6-_-1181811.nxml with original nxml
2018-04-04 12:07:01,614 Processed data/craft-2.0/articles/nxml/BMC Genet-6-_-1208879.nxml with original nxml
2018-04-04 12:07:01,619 Processed data/craft-2.0/articles/nxml/BMC Genomics-3-_-88885.nxml with original nxml
2018-04-04 12:07:01,625 Processed data/craft-2.0/articles/nxml/BMC Genomics-5-_-340383.nxml with original nxml
2018-04-04 12:07:01,642 Processed data/craft-2.0/articles/nxml/BMC Genomics-7-_-1482699.nxml with original nxml
2018-04-04 12:07:01,654 Processed data/craft-2.0/articles/nxml/BMC Med Genet-7-_-1448208.nxml with original nxml
2018-04-04 12:07:01,667 Processed data/craft-2.0/articles/nxml/BMC Med-2-_-394351.nxml with original nxml
2018-04-04 12:07:01,677 Processed data/craft-2.0/articles/nxml/BMC Med-2-_-516044.nxml with original nxml
2018-04-04 12:07:01,688 Processed data/craft-2.0/articles/nxml/BMC Neurosci-4-_-149366.nxml with original nxml
2018-04-04 12:07:01,696 Processed data/craft-2.0/articles/nxml/BMC Neurosci-5-_-400732.nxml with original nxml
2018-04-04 12:07:01,705 Processed data/craft-2.0/articles/nxml/BMC Neurosci-5-_-539297.nxml with original nxml
2018-04-04 12:07:01,713 Processed data/craft-2.0/articles/nxml/BMC Neurosci-6-_-1087847.nxml with original nxml
2018-04-04 12:07:01,723 Processed data/craft-2.0/articles/nxml/BMC Neurosci-6-_-1142324.nxml with original nxml
2018-04-04 12:07:01,733 Processed data/craft-2.0/articles/nxml/BMC Neurosci-6-_-548520.nxml with original nxml
2018-04-04 12:07:01,742 Processed data/craft-2.0/articles/nxml/BMC Neurosci-7-_-1420314.nxml with original nxml
2018-04-04 12:07:01,749 Processed data/craft-2.0/articles/nxml/BMC Ophthalmol-3-_-149350.nxml with original nxml
2018-04-04 12:07:01,758 Processed data/craft-2.0/articles/nxml/BMC Struct Biol-3-_-280685.nxml with original nxml
2018-04-04 12:07:01,764 Processed data/craft-2.0/articles/nxml/Breast Cancer Res-3-5-138691.nxml with original nxml
2018-04-04 12:07:01,777 Processed data/craft-2.0/articles/nxml/Genome Biol-4-11-329117.nxml with original nxml
2018-04-04 12:07:01,791 Processed data/craft-2.0/articles/nxml/J Biol-3-4-549712.nxml with original nxml
2018-04-04 12:07:01,806 Processed data/craft-2.0/articles/nxml/Nucleic Acids Res-33-18-1253828.nxml with original nxml
2018-04-04 12:07:01,817 Processed data/craft-2.0/articles/nxml/Nucleic Acids Res-33-9-1140370.nxml with original nxml
2018-04-04 12:07:01,824 Processed data/craft-2.0/articles/nxml/Nucleic Acids Res-34-13-1540739.nxml with original nxml
2018-04-04 12:07:01,840 Processed data/craft-2.0/articles/nxml/PLoS Biol-2-1-314463.nxml with original nxml
2018-04-04 12:07:01,846 Processed data/craft-2.0/articles/nxml/PLoS Biol-2-10-509410.nxml with original nxml
2018-04-04 12:07:01,860 Processed data/craft-2.0/articles/nxml/PLoS Biol-2-11-523229.nxml with original nxml
2018-04-04 12:07:01,869 Processed data/craft-2.0/articles/nxml/PLoS Biol-2-12-529315.nxml with original nxml
2018-04-04 12:07:01,879 Processed data/craft-2.0/articles/nxml/PLoS Biol-2-8-509301.nxml with original nxml
2018-04-04 12:07:01,888 Processed data/craft-2.0/articles/nxml/PLoS Biol-2-8-509305.nxml with original nxml
2018-04-04 12:07:01,899 Processed data/craft-2.0/articles/nxml/PLoS Biol-3-1-539061.nxml with original nxml
2018-04-04 12:07:01,917 Processed data/craft-2.0/articles/nxml/PLoS Biol-3-11-1283373.nxml with original nxml
2018-04-04 12:07:01,934 Processed data/craft-2.0/articles/nxml/PLoS Biol-3-4-1074790.nxml with original nxml
2018-04-04 12:07:01,947 Processed data/craft-2.0/articles/nxml/PLoS Biol-3-5-1110896.nxml with original nxml
2018-04-04 12:07:01,957 Processed data/craft-2.0/articles/nxml/PLoS Biol-4-10-1617330.nxml with original nxml
2018-04-04 12:07:01,971 Processed data/craft-2.0/articles/nxml/PLoS Biol-4-6-1475681.nxml with original nxml
2018-04-04 12:07:01,989 Processed data/craft-2.0/articles/nxml/PLoS Biol-5-7-1914394.nxml with original nxml
2018-04-04 12:07:01,999 Processed data/craft-2.0/articles/nxml/PLoS Genet-1-1-1183529.nxml with original nxml
2018-04-04 12:07:02,013 Processed data/craft-2.0/articles/nxml/PLoS Genet-1-2-1193523.nxml with original nxml
2018-04-04 12:07:02,020 Processed data/craft-2.0/articles/nxml/PLoS Genet-1-2-1193529.nxml with original nxml
2018-04-04 12:07:02,028 Processed data/craft-2.0/articles/nxml/PLoS Genet-1-2-1193530.nxml with original nxml
2018-04-04 12:07:02,040 Processed data/craft-2.0/articles/nxml/PLoS Genet-1-6-1342629.nxml with original nxml
2018-04-04 12:07:02,054 Processed data/craft-2.0/articles/nxml/PLoS Genet-2-10-1626108.nxml with original nxml
2018-04-04 12:07:02,063 Processed data/craft-2.0/articles/nxml/PLoS Genet-2-11-1657042.nxml with original nxml
2018-04-04 12:07:02,077 Processed data/craft-2.0/articles/nxml/PLoS Genet-2-12-1756909.nxml with original nxml
2018-04-04 12:07:02,086 Processed data/craft-2.0/articles/nxml/PLoS Genet-2-2-1378123.nxml with original nxml
2018-04-04 12:07:02,099 Processed data/craft-2.0/articles/nxml/PLoS Genet-2-4-1449899.nxml with original nxml
2018-04-04 12:07:02,110 Processed data/craft-2.0/articles/nxml/PLoS Genet-2-9-1584259.nxml with original nxml
2018-04-04 12:07:02,123 Processed data/craft-2.0/articles/nxml/PLoS Genet-3-4-1857728.nxml with original nxml
2018-04-04 12:07:02,130 Processed data/craft-2.0/articles/nxml/PLoS Genet-3-6-1904370.nxml with original nxml
2018-04-04 12:07:02,144 Processed data/craft-2.0/articles/nxml/PLoS Genet-3-8-1959384.nxml with original nxml
2018-04-04 12:07:02,157 Processed data/craft-2.0/articles/nxml/PLoS Med-2-12-1322285.nxml with original nxml
2018-04-04 13:40:45,233 Start XML Parsing
2018-04-04 13:40:49,565 Start XML Parsing
2018-04-04 13:41:04,348 diff parser start
2018-04-04 13:41:04,351 diff parser calculated
2018-04-04 13:41:04,353 diff: line_lengths old: 1, new: 4
2018-04-04 13:41:04,354 diff replace old[1:1] new[1:4]
2018-04-04 13:41:04,357 parse_part from 1 to 4 (to 3 in part parser)
2018-04-04 13:41:04,358 diff parser end
2018-04-04 13:45:10,615 diff parser start
2018-04-04 13:45:10,619 diff parser calculated
2018-04-04 13:45:10,620 diff: line_lengths old: 4, new: 1
2018-04-04 13:45:10,622 diff replace old[1:4] new[1:1]
2018-04-04 13:45:10,624 parse_part from 1 to 1 (to 0 in part parser)
2018-04-04 13:45:10,626 diff parser end
2018-04-04 13:56:58,944 diff parser start
2018-04-04 13:56:58,947 diff parser calculated
2018-04-04 13:56:58,948 diff: line_lengths old: 1, new: 6
2018-04-04 13:56:58,952 diff replace old[1:1] new[1:6]
2018-04-04 13:56:58,956 parse_part from 1 to 6 (to 5 in part parser)
2018-04-04 13:56:58,957 diff parser end
2018-04-04 13:57:26,105 diff parser start
2018-04-04 13:57:26,107 diff parser calculated
2018-04-04 13:57:26,109 diff: line_lengths old: 6, new: 1
2018-04-04 13:57:26,110 diff replace old[1:6] new[1:1]
2018-04-04 13:57:26,117 parse_part from 1 to 1 (to 0 in part parser)
2018-04-04 13:57:26,119 diff parser end
2018-04-04 13:57:26,141 pickle loaded: /usr/local/lib/python3.5/dist-packages/xmltodict.py
2018-04-04 13:59:06,462 diff parser start
2018-04-04 13:59:06,468 diff parser calculated
2018-04-04 13:59:06,471 diff: line_lengths old: 1, new: 1
2018-04-04 13:59:06,473 diff replace old[1:1] new[1:1]
2018-04-04 13:59:06,475 parse_part from 1 to 1 (to 0 in part parser)
2018-04-04 13:59:06,477 diff parser end
2018-04-04 14:11:39,782 Start XML Parsing
2018-04-04 14:15:15,447 diff parser start
2018-04-04 14:15:15,455 diff parser calculated
2018-04-04 14:15:15,457 diff: line_lengths old: 1, new: 1
2018-04-04 14:15:15,460 diff replace old[1:1] new[1:1]
2018-04-04 14:15:15,462 parse_part from 1 to 1 (to 0 in part parser)
2018-04-04 14:15:15,465 diff parser end
2018-04-04 14:16:18,247 diff parser start
2018-04-04 14:16:18,257 diff parser calculated
2018-04-04 14:16:18,259 diff: line_lengths old: 1, new: 2
2018-04-04 14:16:18,261 diff replace old[1:1] new[1:2]
2018-04-04 14:16:18,265 parse_part from 1 to 2 (to 1 in part parser)
2018-04-04 14:16:18,267 diff parser end
2018-04-04 14:16:26,134 diff parser start
2018-04-04 14:16:26,136 diff parser calculated
2018-04-04 14:16:26,138 diff: line_lengths old: 2, new: 2
2018-04-04 14:16:26,139 diff equal old[1:1] new[1:1]
2018-04-04 14:16:26,142 parse_part from 1 to 2 (to 1 in part parser)
2018-04-04 14:16:26,143 diff replace old[2:2] new[2:2]
2018-04-04 14:16:26,145 diff parser end
2018-04-04 14:26:12,223 diff parser start
2018-04-04 14:26:12,233 diff parser calculated
2018-04-04 14:26:12,237 diff: line_lengths old: 2, new: 5
2018-04-04 14:26:12,242 diff insert old[1:0] new[1:2]
2018-04-04 14:26:12,246 parse_part from 1 to 5 (to 4 in part parser)
2018-04-04 14:26:12,254 diff equal old[1:1] new[3:3]
2018-04-04 14:26:12,264 diff replace old[2:2] new[4:5]
2018-04-04 14:26:12,274 diff parser end
2018-04-04 14:26:36,044 diff parser start
2018-04-04 14:26:36,049 diff parser calculated
2018-04-04 14:26:36,054 diff: line_lengths old: 5, new: 7
2018-04-04 14:26:36,056 diff equal old[1:4] new[1:4]
2018-04-04 14:26:36,061 diff actually copy 1 to 1
2018-04-04 14:26:36,064 parse_part from 2 to 7 (to 6 in part parser)
2018-04-04 14:26:36,069 diff replace old[5:5] new[5:7]
2018-04-04 14:26:36,071 diff parser end
2018-04-04 14:27:00,181 diff parser start
2018-04-04 14:27:00,190 diff parser calculated
2018-04-04 14:27:00,192 diff: line_lengths old: 7, new: 1
2018-04-04 14:27:00,194 diff replace old[1:7] new[1:1]
2018-04-04 14:27:00,196 parse_part from 1 to 1 (to 0 in part parser)
2018-04-04 14:27:00,197 diff parser end
2018-04-04 14:33:31,339 diff parser start
2018-04-04 14:33:31,341 diff parser calculated
2018-04-04 14:33:31,343 diff: line_lengths old: 1, new: 1
2018-04-04 14:33:31,345 diff replace old[1:1] new[1:1]
2018-04-04 14:33:31,349 parse_part from 1 to 1 (to 0 in part parser)
2018-04-04 14:33:31,351 diff parser end
