Started initial training data extraction
Extracting sentences for 50 seed terms
..................................................Process finished with 50 seeds and 272 sentences added for training in cycle number 0
0.0 minutes since start
Starting term expansion
Started to extract generic named entity from sentences...
Finished processing sentences with 480 new possible entities
Started term clustering
Added 0 expanded terms
0.18 minutes since start
Starting sentence expansion
Finding similar sentences to the 408 starting sentences
.Added 16 expanded sentences to the 408 original
0.24 minutes since start
Labelling sentences in the required format
456 lines labelled
0.25 minutes since start
Creating property file for Stanford NER training
0.25 minutes since start
Training the model...
0.44 minutes since start
started extraction for the dataset_tud model, in cycle number 0
496
................................................................................................................................................................................................................................................................................................................................................................................................................................................................................................................Total of 21 filtered entities added
Filtering 21 entities with PMI
13 entities are kept from the total of 21
Filtering 21 entities with WordNet and Stopwords
12 entities are kept from the total of 21
Filtering 21 entities with knowledge base lookup
12 entities are kept from the total of 21
Filtering 21 entities by vote of selected filter methods
15 entities are kept from the total of 21
9.71 minutes since start
--------------------------------------------------

Started initial training data extraction
Extracting sentences for 62 seed terms
..............................................................Process finished with 62 seeds and 2740 sentences added for training in cycle number 1
9.73 minutes since start
Starting term expansion
Started to extract generic named entity from sentences...
.....Finished processing sentences with 4205 new possible entities
Started term clustering
Added 0 expanded terms
10.23 minutes since start
Starting sentence expansion
Finding similar sentences to the 4056 starting sentences
.....Added 108 expanded sentences to the 4056 original
10.77 minutes since start
Labelling sentences in the required format
4200 lines labelled
10.83 minutes since start
Creating property file for Stanford NER training
10.83 minutes since start
Training the model...
11.92 minutes since start
started extraction for the dataset_tud model, in cycle number 1
496
................................................................................................................................................................................................................................................................................................................................................................................................................................................................................................................Total of 121 filtered entities added
Filtering 121 entities with PMI
40 entities are kept from the total of 121
Filtering 121 entities with WordNet and Stopwords
102 entities are kept from the total of 121
Filtering 121 entities with knowledge base lookup
104 entities are kept from the total of 121
Filtering 121 entities by vote of selected filter methods
107 entities are kept from the total of 121
23.76 minutes since start
--------------------------------------------------

Started initial training data extraction
Extracting sentences for 155 seed terms
...........................................................................................................................................................Process finished with 155 seeds and 6237 sentences added for training in cycle number 2
23.81 minutes since start
Starting term expansion
Started to extract generic named entity from sentences...
............Finished processing sentences with 11970 new possible entities
Started term clustering
Added 218 expanded terms
24.85 minutes since start
Starting sentence expansion
Finding similar sentences to the 9093 starting sentences
..........Added 247 expanded sentences to the 9093 original
26.11 minutes since start
Labelling sentences in the required format
9459 lines labelled
26.33 minutes since start
Creating property file for Stanford NER training
26.33 minutes since start
Training the model...
29.63 minutes since start
started extraction for the dataset_tud model, in cycle number 2
496
................................................................................................................................................................................................................................................................................................................................................................................................................................................................................................................Total of 1143 filtered entities added
Filtering 1143 entities with PMI
350 entities are kept from the total of 1143
Filtering 1143 entities with WordNet and Stopwords
816 entities are kept from the total of 1143
Filtering 1143 entities with knowledge base lookup
901 entities are kept from the total of 1143
Filtering 1143 entities by vote of selected filter methods
929 entities are kept from the total of 1143
45.08 minutes since start
--------------------------------------------------

Started initial training data extraction
Extracting sentences for 980 seed terms
....................................................................................................................................................................................................................................................................................................................................................................................................................................................................................................................................................................................................................................................................................................................................................................................................................................................................................................................................................................................................................Process finished with 980 seeds and 113735 sentences added for training in cycle number 3
45.94 minutes since start
Starting term expansion
Started to extract generic named entity from sentences...
....................................................................................................................................................................................................................................Finished processing sentences with 150825 new possible entities
Started term clustering
Added 3106 expanded terms
61.49 minutes since start
Starting sentence expansion
Finding similar sentences to the 168888 starting sentences
.........................................................................................................................................................................Added 2996 expanded sentences to the 168888 original
84.51 minutes since start
Labelling sentences in the required format
172603 lines labelled
99.08 minutes since start
Creating property file for Stanford NER training
99.08 minutes since start
Training the model...
203.8 minutes since start
started extraction for the dataset_tud model, in cycle number 3
496
................................................................................................................................................................................................................................................................................................................................................................................................................................................................................................................Total of 12465 filtered entities added
Filtering 12465 entities with PMI
4259 entities are kept from the total of 12465
Filtering 12465 entities with WordNet and Stopwords
4636 entities are kept from the total of 12465
Filtering 12465 entities with knowledge base lookup
7528 entities are kept from the total of 12465
Filtering 12465 entities by vote of selected filter methods
7538 entities are kept from the total of 12465
273.38 minutes since start
--------------------------------------------------

Started initial training data extraction
Extracting sentences for 7633 seed terms
.................................................................................................................................................................................................................................................................................................................................................................................................................................................................................................................................................................................................................................................................................................................................................................................................................................................................................................................................................................................................................................................................................................................................................................................................................................................................................................................................................................................................................................................................................................................................................................................................................................................................................................................................................................................................................................................................................................................................................................................................................................................................................................................................................................................................................................................................................................................................................................................................................................................................................................................................................................................................................................................................................................................................................................................................................................................................................................................................................................................................................................................................................................................................................................................................................................................................................................................................................................................................................................................................................................................................................................................................................................................................................................................................................................................................................................................................................................................................................................................................................................................................................................................................................................................................................................................................................................................................................................................................................................................................................................................................................................................................................................................................................................................................................................................................................................................................................................................................................................................................................................................................................................................................................................................................................................................................................................................................................................................................................................................................................................................................................................................................................................................................................................................................................................................................................................................................................................................................................................................................................................................................................................................................................................................................................................................................................................................................................................................................................................................................................................................................................................................................................................................................................................................................................................................................................................................................................................................................................................................................................................................................................................................................................................................................................................................................................................................................................................................................................................................................................................................................................................................................................................................................................................................................................................................................................................................................................................................................................Process finished with 7633 seeds and 569201 sentences added for training in cycle number 4
Started initial training data extraction
Extracting sentences for 50 seed terms
..................................................Process finished with 50 seeds and 2860 sentences added for training in cycle number 0
0.02 minutes since start
Starting term expansion
Started to extract generic named entity from sentences...
.....Finished processing sentences with 3955 new possible entities
Started term clustering
Added 109 expanded terms
0.69 minutes since start
Starting sentence expansion
Finding similar sentences to the 4492 starting sentences
.....Added 127 expanded sentences to the 4492 original
1.23 minutes since start
Labelling sentences in the required format
4670 lines labelled
1.34 minutes since start
Creating property file for Stanford NER training
1.34 minutes since start
Training the model...
3.44 minutes since start
started extraction for the method_tud model, in cycle number 0
496
................................................................................................................................................................................................................................................................................................................................................................................................................................................................................................................Total of 234 filtered entities added
Filtering 234 entities with PMI
162 entities are kept from the total of 234
Filtering 234 entities with WordNet and Stopwords
58 entities are kept from the total of 234
Filtering 234 entities with knowledge base lookup
114 entities are kept from the total of 234
Filtering 234 entities by vote of selected filter methods
138 entities are kept from the total of 234
15.93 minutes since start
--------------------------------------------------

Started initial training data extraction
Extracting sentences for 186 seed terms
..........................................................................................................................................................................................Process finished with 186 seeds and 70036 sentences added for training in cycle number 1
16.45 minutes since start
Starting term expansion
Started to extract generic named entity from sentences...
............................................................................................................................................Finished processing sentences with 86629 new possible entities
Started term clustering
Added 2181 expanded terms
26.26 minutes since start
Starting sentence expansion
Finding similar sentences to the 106977 starting sentences
...........................................................................................................Added 2320 expanded sentences to the 106977 original
41.1 minutes since start
Labelling sentences in the required format
109823 lines labelled
48.38 minutes since start
Creating property file for Stanford NER training
48.38 minutes since start
Training the model...
150.9 minutes since start
started extraction for the method_tud model, in cycle number 1
496
................................................................................................................................................................................................................................................................................................................................................................................................................................................................................................................Total of 6321 filtered entities added
Filtering 6321 entities with PMI
2897 entities are kept from the total of 6321
Filtering 6321 entities with WordNet and Stopwords
1925 entities are kept from the total of 6321
Filtering 6321 entities with knowledge base lookup
3295 entities are kept from the total of 6321
Filtering 6321 entities by vote of selected filter methods
3738 entities are kept from the total of 6321
210.97 minutes since start
--------------------------------------------------

Started initial training data extraction
Extracting sentences for 3787 seed terms
...........................................................................................................................................................................................................................................................................................................................................................................................................................................................................................................................................................................................................................................................................................................................................................................................................................................................................................................................................................................................................................................................................................................................................................................................................................................................................................................................................................................................................................................................................................................................................................................................................................................................................................................................................................................................................................................................................................................................................................................................................................................................................................................................................................................................................................................................................................................................................................................................................................................................................................................................................................................................................................................................................................................................................................................................................................................................................................................................................................................................................................................................................................................................................................................................................................................................................................................................................................................................................................................................................................................................................................................................................................................................................................................................................................................................................................................................................................................................................Process finished with 3787 seeds and 526260 sentences added for training in cycle number 2
220.25 minutes since start
Starting term expansion
Started to extract generic named entity from sentences...
..................................................................................................................................................................................................................................................................................................................................................................................................................................................................................................................................................................................................................................................................................................................................................................................................................................................................................................................................................................................................................................................................................................Finished processing sentences with 556418 new possible entities
Started term clustering
Added 6636 expanded terms
288.57 minutes since start
Starting sentence expansion
Finding similar sentences to the 630800 starting sentences
.......................................................................................................................................................................................................................................................................................................................................................................................................................................................................................................................................................................................................................................................